<?xml version="1.0" encoding="UTF-8"?>
<testsuite xmlns:xsi="http://www.w3.org/2001/XMLSchema-instance" xsi:noNamespaceSchemaLocation="https://maven.apache.org/surefire/maven-surefire-plugin/xsd/surefire-test-report.xsd" name="edu.ajay.coading.approach.normal.WordTest" time="0.048" tests="12" errors="0" skipped="0" failures="0">
  <properties>
    <property name="gopherProxySet" value="false"/>
    <property name="awt.toolkit" value="sun.lwawt.macosx.LWCToolkit"/>
    <property name="file.encoding.pkg" value="sun.io"/>
    <property name="java.specification.version" value="1.8"/>
    <property name="sun.cpu.isalist" value=""/>
    <property name="sun.jnu.encoding" value="UTF-8"/>
    <property name="java.class.path" value="/Users/ajay/Workspace/coding-problems/target/test-classes:/Users/ajay/Workspace/coding-problems/target/classes:/Users/ajay/.m2/repository/junit/junit/4.13.1/junit-4.13.1.jar:/Users/ajay/.m2/repository/org/hamcrest/hamcrest-core/1.3/hamcrest-core-1.3.jar:"/>
    <property name="java.vm.vendor" value="Oracle Corporation"/>
    <property name="sun.arch.data.model" value="64"/>
    <property name="java.vendor.url" value="http://java.oracle.com/"/>
    <property name="user.timezone" value=""/>
    <property name="java.vm.specification.version" value="1.8"/>
    <property name="os.name" value="Mac OS X"/>
    <property name="user.country" value="US"/>
    <property name="sun.java.launcher" value="SUN_STANDARD"/>
    <property name="sun.boot.library.path" value="/Users/ajay/Softwares/jdk8/jdk1.8.0_271.jdk/Contents/Home/jre/lib"/>
    <property name="sun.java.command" value="/Users/ajay/Workspace/coding-problems/target/surefire/surefirebooter4370583114268525302.jar /Users/ajay/Workspace/coding-problems/target/surefire 2020-12-05T19-36-52_203-jvmRun1 surefire4644824986400754616tmp surefire_04000920448056759433tmp"/>
    <property name="http.nonProxyHosts" value="local|*.local|169.254/16|*.169.254/16"/>
    <property name="surefire.test.class.path" value="/Users/ajay/Workspace/coding-problems/target/test-classes:/Users/ajay/Workspace/coding-problems/target/classes:/Users/ajay/.m2/repository/junit/junit/4.13.1/junit-4.13.1.jar:/Users/ajay/.m2/repository/org/hamcrest/hamcrest-core/1.3/hamcrest-core-1.3.jar:"/>
    <property name="sun.cpu.endian" value="little"/>
    <property name="user.home" value="/Users/ajay"/>
    <property name="user.language" value="en"/>
    <property name="java.specification.vendor" value="Oracle Corporation"/>
    <property name="java.home" value="/Users/ajay/Softwares/jdk8/jdk1.8.0_271.jdk/Contents/Home/jre"/>
    <property name="basedir" value="/Users/ajay/Workspace/coding-problems"/>
    <property name="style.color" value="always"/>
    <property name="file.separator" value="/"/>
    <property name="line.separator" value="&#10;"/>
    <property name="java.vm.specification.vendor" value="Oracle Corporation"/>
    <property name="java.specification.name" value="Java Platform API Specification"/>
    <property name="java.awt.graphicsenv" value="sun.awt.CGraphicsEnvironment"/>
    <property name="surefire.real.class.path" value="/Users/ajay/Workspace/coding-problems/target/surefire/surefirebooter4370583114268525302.jar"/>
    <property name="sun.boot.class.path" value="/Users/ajay/Softwares/jdk8/jdk1.8.0_271.jdk/Contents/Home/jre/lib/resources.jar:/Users/ajay/Softwares/jdk8/jdk1.8.0_271.jdk/Contents/Home/jre/lib/rt.jar:/Users/ajay/Softwares/jdk8/jdk1.8.0_271.jdk/Contents/Home/jre/lib/sunrsasign.jar:/Users/ajay/Softwares/jdk8/jdk1.8.0_271.jdk/Contents/Home/jre/lib/jsse.jar:/Users/ajay/Softwares/jdk8/jdk1.8.0_271.jdk/Contents/Home/jre/lib/jce.jar:/Users/ajay/Softwares/jdk8/jdk1.8.0_271.jdk/Contents/Home/jre/lib/charsets.jar:/Users/ajay/Softwares/jdk8/jdk1.8.0_271.jdk/Contents/Home/jre/lib/jfr.jar:/Users/ajay/Softwares/jdk8/jdk1.8.0_271.jdk/Contents/Home/jre/classes"/>
    <property name="sun.management.compiler" value="HotSpot 64-Bit Tiered Compilers"/>
    <property name="ftp.nonProxyHosts" value="local|*.local|169.254/16|*.169.254/16"/>
    <property name="java.runtime.version" value="1.8.0_271-b09"/>
    <property name="user.name" value="ajay"/>
    <property name="path.separator" value=":"/>
    <property name="os.version" value="10.12.6"/>
    <property name="java.endorsed.dirs" value="/Users/ajay/Softwares/jdk8/jdk1.8.0_271.jdk/Contents/Home/jre/lib/endorsed"/>
    <property name="java.runtime.name" value="Java(TM) SE Runtime Environment"/>
    <property name="file.encoding" value="UTF-8"/>
    <property name="java.vm.name" value="Java HotSpot(TM) 64-Bit Server VM"/>
    <property name="localRepository" value="/Users/ajay/.m2/repository"/>
    <property name="java.vendor.url.bug" value="http://bugreport.sun.com/bugreport/"/>
    <property name="java.io.tmpdir" value="/var/folders/dy/g1q124f92c58j3dkgvbhr1l80000gn/T/"/>
    <property name="java.version" value="1.8.0_271"/>
    <property name="user.dir" value="/Users/ajay/Workspace/coding-problems"/>
    <property name="os.arch" value="x86_64"/>
    <property name="java.vm.specification.name" value="Java Virtual Machine Specification"/>
    <property name="java.awt.printerjob" value="sun.lwawt.macosx.CPrinterJob"/>
    <property name="sun.os.patch.level" value="unknown"/>
    <property name="java.library.path" value="/Users/ajay/Library/Java/Extensions:/Library/Java/Extensions:/Network/Library/Java/Extensions:/System/Library/Java/Extensions:/usr/lib/java:."/>
    <property name="java.vm.info" value="mixed mode"/>
    <property name="java.vendor" value="Oracle Corporation"/>
    <property name="java.vm.version" value="25.271-b09"/>
    <property name="java.ext.dirs" value="/Users/ajay/Library/Java/Extensions:/Users/ajay/Softwares/jdk8/jdk1.8.0_271.jdk/Contents/Home/jre/lib/ext:/Library/Java/Extensions:/Network/Library/Java/Extensions:/System/Library/Java/Extensions:/usr/lib/java"/>
    <property name="sun.io.unicode.encoding" value="UnicodeBig"/>
    <property name="java.class.version" value="52.0"/>
    <property name="socksNonProxyHosts" value="local|*.local|169.254/16|*.169.254/16"/>
  </properties>
  <testcase name="testCountOccurrencesOfACertainCharacter" classname="edu.ajay.coading.approach.normal.WordTest" time="0.003"/>
  <testcase name="testContainsOnlyDigitsUsingMatchesFalse" classname="edu.ajay.coading.approach.normal.WordTest" time="0"/>
  <testcase name="testRemoveWhiteSpaces" classname="edu.ajay.coading.approach.normal.WordTest" time="0"/>
  <testcase name="testContainsOnlyDigitsFalse" classname="edu.ajay.coading.approach.normal.WordTest" time="0"/>
  <testcase name="testPermuteAndPrintWithFourLetters" classname="edu.ajay.coading.approach.normal.WordTest" time="0.002"/>
  <testcase name="testPermuteAndStore" classname="edu.ajay.coading.approach.normal.WordTest" time="0"/>
  <testcase name="testCountOccurrencesOfACertainCharacterUsingCounter" classname="edu.ajay.coading.approach.normal.WordTest" time="0"/>
  <testcase name="testContainsOnlyDigitsUsingMatches" classname="edu.ajay.coading.approach.normal.WordTest" time="0"/>
  <testcase name="testPermuteAndPrintWithThreeLetters" classname="edu.ajay.coading.approach.normal.WordTest" time="0"/>
  <testcase name="testReverseWord" classname="edu.ajay.coading.approach.normal.WordTest" time="0"/>
  <testcase name="testContainsOnlyDigits" classname="edu.ajay.coading.approach.normal.WordTest" time="0"/>
  <testcase name="testJoinByDelimiter" classname="edu.ajay.coading.approach.normal.WordTest" time="0"/>
</testsuite>